<?xml version="1.0" encoding="utf-8"?><testsuites name="pytest tests"><testsuite name="pytest" errors="0" failures="0" skipped="0" tests="12" time="16.302" timestamp="2026-04-23T07:01:07.113115+00:00" hostname="agent-env-a008d69a-60d0-4e5d-bd96-92587953b105"><testcase classname="backend.tests.test_iter4_integrations.TestParseCSVSales" name="test_parse_csv_sales_success" time="1.991" /><testcase classname="backend.tests.test_iter4_integrations.TestParseCSVSales" name="test_parse_invalid_category" time="0.111" /><testcase classname="backend.tests.test_iter4_integrations.TestParseCSVSales" name="test_parse_file_too_large" time="0.704" /><testcase classname="backend.tests.test_iter4_integrations.TestParseCSVSales" name="test_parse_requires_auth" time="0.099" /><testcase classname="backend.tests.test_iter4_integrations.TestParseOtherFormats" name="test_parse_excel_xlsx" time="2.274" /><testcase classname="backend.tests.test_iter4_integrations.TestParseOtherFormats" name="test_parse_pdf_tabular" time="2.835" /><testcase classname="backend.tests.test_iter4_integrations.TestImportSales" name="test_import_sales_increases_dashboard" time="0.396" /><testcase classname="backend.tests.test_iter4_integrations.TestImportExpenses" name="test_import_expenses_appears_in_list" time="3.956" /><testcase classname="backend.tests.test_iter4_integrations.TestImportInventory" name="test_import_inventory" time="1.894" /><testcase classname="backend.tests.test_iter4_integrations.TestImportAttendance" name="test_import_attendance_case_insensitive" time="1.721" /><testcase classname="backend.tests.test_iter4_integrations.TestHistory" name="test_history_returns_sorted_items" time="0.129" /><testcase classname="backend.tests.test_iter4_integrations.TestHistory" name="test_history_requires_auth" time="0.103" /></testsuite></testsuites>