<?xml version="1.0" encoding="utf-8"?><testsuites name="pytest tests"><testsuite name="pytest" errors="0" failures="0" skipped="0" tests="23" time="42.779" timestamp="2026-04-23T07:25:45.816978+00:00" hostname="agent-env-a008d69a-60d0-4e5d-bd96-92587953b105"><testcase classname="backend.tests.test_iter5_ai_chat.TestAiSuggestions" name="test_suggestions_each_context[dashboard]" time="0.253" /><testcase classname="backend.tests.test_iter5_ai_chat.TestAiSuggestions" name="test_suggestions_each_context[inventory]" time="0.110" /><testcase classname="backend.tests.test_iter5_ai_chat.TestAiSuggestions" name="test_suggestions_each_context[expenses]" time="0.139" /><testcase classname="backend.tests.test_iter5_ai_chat.TestAiSuggestions" name="test_suggestions_each_context[staff]" time="0.146" /><testcase classname="backend.tests.test_iter5_ai_chat.TestAiSuggestions" name="test_suggestions_each_context[menu]" time="0.142" /><testcase classname="backend.tests.test_iter5_ai_chat.TestAiSuggestions" name="test_suggestions_unknown_falls_back" time="0.272" /><testcase classname="backend.tests.test_iter5_ai_chat.TestAiSuggestions" name="test_suggestions_default" time="0.129" /><testcase classname="backend.tests.test_iter5_ai_chat.TestAiAsk" name="test_ask_unauth_401" time="0.107" /><testcase classname="backend.tests.test_iter5_ai_chat.TestAiAsk" name="test_ask_each_context[dashboard]" time="7.282" /><testcase classname="backend.tests.test_iter5_ai_chat.TestAiAsk" name="test_ask_each_context[inventory]" time="5.728" /><testcase classname="backend.tests.test_iter5_ai_chat.TestAiAsk" name="test_ask_each_context[expenses]" time="6.167" /><testcase classname="backend.tests.test_iter5_ai_chat.TestAiAsk" name="test_ask_each_context[staff]" time="7.258" /><testcase classname="backend.tests.test_iter5_ai_chat.TestAiAsk" name="test_ask_each_context[menu]" time="8.375" /><testcase classname="backend.tests.test_iter5_ai_chat.TestAiAsk" name="test_ask_unknown_context_falls_back_to_dashboard" time="5.374" /><testcase classname="backend.tests.test_iter5_ai_chat.TestAiAsk" name="test_ask_missing_fields_422" time="0.125" /><testcase classname="backend.tests.test_iter5_ai_chat.TestRegression" name="test_branches_still_ok" time="0.116" /><testcase classname="backend.tests.test_iter5_ai_chat.TestRegression" name="test_dashboard_summary_still_ok" time="0.158" /><testcase classname="backend.tests.test_iter5_ai_chat.TestRegression" name="test_inventory_list_still_ok" time="0.107" /><testcase classname="backend.tests.test_iter5_ai_chat.TestRegression" name="test_expenses_still_ok" time="0.106" /><testcase classname="backend.tests.test_iter5_ai_chat.TestRegression" name="test_employees_still_ok" time="0.117" /><testcase classname="backend.tests.test_iter5_ai_chat.TestRegression" name="test_menu_still_ok" time="0.106" /><testcase classname="backend.tests.test_iter5_ai_chat.TestRegression" name="test_integrations_history_still_ok" time="0.163" /><testcase classname="backend.tests.test_iter5_ai_chat.TestRegression" name="test_profile_patch_still_ok" time="0.104" /></testsuite></testsuites>