<?xml version="1.0" encoding="utf-8"?><testsuites name="pytest tests"><testsuite name="pytest" errors="0" failures="0" skipped="0" tests="13" time="3.265" timestamp="2026-04-23T06:29:22.907864+00:00" hostname="agent-env-a008d69a-60d0-4e5d-bd96-92587953b105"><testcase classname="backend.tests.test_iter3_employees_csv.TestEmployees" name="test_list_employees_seeded" time="0.396" /><testcase classname="backend.tests.test_iter3_employees_csv.TestEmployees" name="test_create_employee_and_verify" time="0.253" /><testcase classname="backend.tests.test_iter3_employees_csv.TestEmployees" name="test_list_filtered_by_branch" time="0.247" /><testcase classname="backend.tests.test_iter3_employees_csv.TestAttendance" name="test_mark_attendance_present" time="0.359" /><testcase classname="backend.tests.test_iter3_employees_csv.TestAttendance" name="test_mark_attendance_unmarked_deletes" time="0.508" /><testcase classname="backend.tests.test_iter3_employees_csv.TestAttendance" name="test_invalid_status_400" time="0.212" /><testcase classname="backend.tests.test_iter3_employees_csv.TestAttendance" name="test_unknown_employee_404" time="0.108" /><testcase classname="backend.tests.test_iter3_employees_csv.TestEmployeeSummary" name="test_summary_returns_counts_and_pay" time="0.214" /><testcase classname="backend.tests.test_iter3_employees_csv.TestEmployeeSummary" name="test_summary_404_unknown" time="0.105" /><testcase classname="backend.tests.test_iter3_employees_csv.TestCsvImport" name="test_import_expenses_increases_total" time="0.336" /><testcase classname="backend.tests.test_iter3_employees_csv.TestCsvImport" name="test_import_unsupported_type_400" time="0.109" /><testcase classname="backend.tests.test_iter3_employees_csv.TestAuthGating" name="test_employees_unauth" time="0.103" /><testcase classname="backend.tests.test_iter3_employees_csv.TestAuthGating" name="test_attendance_unauth" time="0.127" /></testsuite></testsuites>