<?xml version="1.0" encoding="utf-8"?><testsuites name="pytest tests"><testsuite name="pytest" errors="0" failures="0" skipped="0" tests="15" time="8.793" timestamp="2026-04-23T06:16:51.632731+00:00" hostname="agent-env-a008d69a-60d0-4e5d-bd96-92587953b105"><testcase classname="backend.tests.test_restaurant_api.TestAuth" name="test_demo_login_creates_user" time="0.189" /><testcase classname="backend.tests.test_restaurant_api.TestAuth" name="test_me_returns_profile_fields" time="0.127" /><testcase classname="backend.tests.test_restaurant_api.TestAuth" name="test_me_unauth" time="0.113" /><testcase classname="backend.tests.test_restaurant_api.TestProfile" name="test_patch_profile_updates" time="0.112" /><testcase classname="backend.tests.test_restaurant_api.TestProfile" name="test_patch_profile_empty_body_400" time="0.052" /><testcase classname="backend.tests.test_restaurant_api.TestProfile" name="test_patch_profile_unauth" time="0.129" /><testcase classname="backend.tests.test_restaurant_api.TestBranchesDashboard" name="test_branches_seeded" time="0.055" /><testcase classname="backend.tests.test_restaurant_api.TestBranchesDashboard" name="test_dashboard_summary" time="0.068" /><testcase classname="backend.tests.test_restaurant_api.TestBranchesDashboard" name="test_dashboard_reports_daily" time="0.057" /><testcase classname="backend.tests.test_restaurant_api.TestInventory" name="test_list_inventory" time="0.052" /><testcase classname="backend.tests.test_restaurant_api.TestInventory" name="test_add_and_adjust_inventory" time="0.114" /><testcase classname="backend.tests.test_restaurant_api.TestExpenses" name="test_list_expenses" time="0.069" /><testcase classname="backend.tests.test_restaurant_api.TestExpenses" name="test_add_expense" time="0.053" /><testcase classname="backend.tests.test_restaurant_api.TestMenu" name="test_menu_analytics" time="0.056" /><testcase classname="backend.tests.test_restaurant_api.TestAI" name="test_ai_insights_structure" time="7.453" /></testsuite></testsuites>